2019-11-04 09:53:00.863  INFO 10020 --- [main] com.six.info.InfoApplication             : Starting InfoApplication on BJMLUOBJ6 with PID 10020 (D:\infoPro-spring-boot-master\info\target\classes started by luobj6 in D:\infoPro-spring-boot-master\info)
2019-11-04 09:53:00.879  INFO 10020 --- [main] com.six.info.InfoApplication             : No active profile set, falling back to default profiles: default
2019-11-04 09:53:01.691  INFO 10020 --- [main] .s.d.r.c.RepositoryConfigurationDelegate : Bootstrapping Spring Data repositories in DEFAULT mode.
2019-11-04 09:53:01.707  INFO 10020 --- [main] .s.d.r.c.RepositoryConfigurationDelegate : Finished Spring Data repository scanning in 16ms. Found 0 repository interfaces.
2019-11-04 09:53:01.925  INFO 10020 --- [main] trationDelegate$BeanPostProcessorChecker : Bean 'org.springframework.transaction.annotation.ProxyTransactionManagementConfiguration' of type [org.springframework.transaction.annotation.ProxyTransactionManagementConfiguration$$EnhancerBySpringCGLIB$$e9e6fd41] is not eligible for getting processed by all BeanPostProcessors (for example: not eligible for auto-proxying)
2019-11-04 09:53:02.207  INFO 10020 --- [main] o.s.b.w.embedded.tomcat.TomcatWebServer  : Tomcat initialized with port(s): 8080 (http)
2019-11-04 09:53:02.253  INFO 10020 --- [main] o.apache.catalina.core.StandardService   : Starting service [Tomcat]
2019-11-04 09:53:02.253  INFO 10020 --- [main] org.apache.catalina.core.StandardEngine  : Starting Servlet engine: [Apache Tomcat/9.0.26]
2019-11-04 09:53:02.488  INFO 10020 --- [main] o.a.c.c.C.[Tomcat].[localhost].[/]       : Initializing Spring embedded WebApplicationContext
2019-11-04 09:53:02.488  INFO 10020 --- [main] o.s.web.context.ContextLoader            : Root WebApplicationContext: initialization completed in 1547 ms
2019-11-04 09:53:03.191  INFO 10020 --- [main] o.s.s.concurrent.ThreadPoolTaskExecutor  : Initializing ExecutorService 'applicationTaskExecutor'
2019-11-04 09:53:03.425  INFO 10020 --- [main] o.s.b.w.embedded.tomcat.TomcatWebServer  : Tomcat started on port(s): 8080 (http) with context path ''
2019-11-04 09:53:03.425  INFO 10020 --- [main] com.six.info.InfoApplication             : Started InfoApplication in 3.093 seconds (JVM running for 4.77)
2019-11-04 10:01:10.901  INFO 10020 --- [http-nio-8080-exec-1] o.a.c.c.C.[Tomcat].[localhost].[/]       : Initializing Spring DispatcherServlet 'dispatcherServlet'
2019-11-04 10:01:10.901  INFO 10020 --- [http-nio-8080-exec-1] o.s.web.servlet.DispatcherServlet        : Initializing Servlet 'dispatcherServlet'
2019-11-04 10:01:10.901  INFO 10020 --- [http-nio-8080-exec-1] o.s.web.servlet.DispatcherServlet        : Completed initialization in 0 ms
2019-11-04 10:01:10.979  INFO 10020 --- [http-nio-8080-exec-1] com.zaxxer.hikari.HikariDataSource       : HikariPool-1 - Starting...
2019-11-04 10:01:11.182  INFO 10020 --- [http-nio-8080-exec-1] com.zaxxer.hikari.HikariDataSource       : HikariPool-1 - Start completed.
2019-11-04 10:57:07.212  INFO 18344 --- [main] com.six.info.InfoApplication             : Starting InfoApplication on BJMLUOBJ6 with PID 18344 (D:\infoPro-spring-boot-master\info\target\classes started by luobj6 in D:\infoPro-spring-boot-master\info)
2019-11-04 10:57:07.215  INFO 18344 --- [main] com.six.info.InfoApplication             : No active profile set, falling back to default profiles: default
2019-11-04 10:57:07.777  INFO 18344 --- [main] .s.d.r.c.RepositoryConfigurationDelegate : Bootstrapping Spring Data repositories in DEFAULT mode.
2019-11-04 10:57:07.788  INFO 18344 --- [main] .s.d.r.c.RepositoryConfigurationDelegate : Finished Spring Data repository scanning in 9ms. Found 0 repository interfaces.
2019-11-04 10:57:07.982  INFO 18344 --- [main] trationDelegate$BeanPostProcessorChecker : Bean 'org.springframework.transaction.annotation.ProxyTransactionManagementConfiguration' of type [org.springframework.transaction.annotation.ProxyTransactionManagementConfiguration$$EnhancerBySpringCGLIB$$d024049] is not eligible for getting processed by all BeanPostProcessors (for example: not eligible for auto-proxying)
2019-11-04 10:57:08.229  INFO 18344 --- [main] o.s.b.w.embedded.tomcat.TomcatWebServer  : Tomcat initialized with port(s): 8080 (http)
2019-11-04 10:57:08.253  INFO 18344 --- [main] o.apache.catalina.core.StandardService   : Starting service [Tomcat]
2019-11-04 10:57:08.253  INFO 18344 --- [main] org.apache.catalina.core.StandardEngine  : Starting Servlet engine: [Apache Tomcat/9.0.26]
2019-11-04 10:57:08.396  INFO 18344 --- [main] o.a.c.c.C.[Tomcat].[localhost].[/]       : Initializing Spring embedded WebApplicationContext
2019-11-04 10:57:08.396  INFO 18344 --- [main] o.s.web.context.ContextLoader            : Root WebApplicationContext: initialization completed in 1135 ms
2019-11-04 10:57:08.802  INFO 18344 --- [main] o.s.s.concurrent.ThreadPoolTaskExecutor  : Initializing ExecutorService 'applicationTaskExecutor'
2019-11-04 10:57:08.998  INFO 18344 --- [main] o.s.b.w.embedded.tomcat.TomcatWebServer  : Tomcat started on port(s): 8080 (http) with context path ''
2019-11-04 10:57:09.000  INFO 18344 --- [main] com.six.info.InfoApplication             : Started InfoApplication in 2.187 seconds (JVM running for 3.692)
